Arguments: 
  D:\software\nodejs\node.exe C:\Users\admin\AppData\Roaming\npm\node_modules\yarn\bin\yarn.js

PATH: 
  D:\software\Git\mingw64\bin;D:\software\Git\usr\bin;C:\Users\admin\bin;C:\Windows\system32;C:\Windows;C:\Windows\System32\Wbem;C:\Windows\System32\WindowsPowerShell\v1.0;C:\Windows\System32\OpenSSH;Git\cmd;Git\cmd;D:\software\nvm;D:\software\nodejs;D:\software\Microsoft VS Code\bin;D:\software\cmder\vendor;D:\software\lua\Binaries-LuaDist-batteries-0.9.8-Windows-x86\bin;D:\software;D:\software\Python;C:\Program Files\dotnet;D:\software\微信web开发者工具\dll;D:\software\mingw\bin;C:\Users\admin\AppData\Local\Programs\Python\Python311\Scripts;C:\Users\admin\AppData\Local\Programs\Python\Python311;C:\Users\admin\scoop\shims;C:\Users\admin\AppData\Local\Microsoft\WindowsApps;C:\Users\admin\AppData\Roaming\npm;D:\software\Fiddler;D:\software\CLion 2023.1.4\bin

Yarn version: 
  1.22.10

Node version: 
  16.14.2

Platform: 
  win32 x64

Trace: 
  Error: ENOENT: no such file or directory, copyfile 'C:\Users\admin\AppData\Local\Yarn\Cache\v6\npm-find-up-5.0.0-4c92819ecb7083561e4f4a240a86be5198f536fc-integrity\node_modules\find-up\index.d.ts' -> 'D:\qunhe_ws\chrome-extension-boilerplate-react-vite\node_modules\eslint\node_modules\find-up\index.d.ts'

npm manifest: 
  {
    "name": "chrome-extension-boilerplate-react-vite",
    "version": "0.0.1",
    "description": "chrome extension boilerplate",
    "license": "MIT",
    "repository": {
      "type": "git",
      "url": "https://github.com/Jonghakseo/chrome-extension-boilerplate-react-vite.git"
    },
    "scripts": {
      "build": "tsc --noEmit && vite build",
      "build:firefox": "tsc --noEmit && cross-env __FIREFOX__=true vite build",
      "build:watch": "cross-env __DEV__=true vite build -w",
      "build:firefox:watch": "cross-env __DEV__=true __FIREFOX__=true vite build -w",
      "build:hmr": "rollup --config utils/reload/rollup.config.ts",
      "wss": "node utils/reload/initReloadServer.js",
      "dev": "npm run build:hmr && (run-p wss build:watch)",
      "dev:firefox": "npm run build:hmr && (run-p wss build:firefox:watch)",
      "test": "jest"
    },
    "type": "module",
    "dependencies": {
      "construct-style-sheets-polyfill": "^3.1.0",
      "proxy-deep": "^3.1.1",
      "react": "18.2.0",
      "react-dom": "18.2.0"
    },
    "devDependencies": {
      "@rollup/plugin-typescript": "^8.5.0",
      "@testing-library/react": "13.4.0",
      "@twind/core": "^1.1.3",
      "@twind/preset-autoprefix": "^1.0.7",
      "@twind/preset-tailwind": "^1.1.4",
      "@types/chrome": "0.0.224",
      "@types/jest": "29.0.3",
      "@types/node": "18.15.11",
      "@types/react": "18.0.21",
      "@types/react-dom": "18.2.4",
      "@types/ws": "^8.5.4",
      "@typescript-eslint/eslint-plugin": "5.56.0",
      "@typescript-eslint/parser": "5.38.1",
      "@vitejs/plugin-react": "2.2.0",
      "chokidar": "^3.5.3",
      "cross-env": "^7.0.3",
      "eslint": "8.36.0",
      "eslint-config-prettier": "^8.5.0",
      "eslint-plugin-prettier": "4.2.1",
      "eslint-plugin-react": "7.32.2",
      "fs-extra": "11.1.0",
      "jest": "29.0.3",
      "jest-environment-jsdom": "29.5.0",
      "npm-run-all": "^4.1.5",
      "prettier": "2.8.8",
      "rollup": "2.79.1",
      "sass": "1.62.1",
      "ts-jest": "29.0.2",
      "ts-loader": "9.4.2",
      "typescript": "4.8.4",
      "vite": "3.1.3",
      "ws": "8.13.0"
    }
  }

yarn manifest: 
  No manifest

Lockfile: 
  No lockfile
